[2024-03-02T16:23:48.609084+07:00] ProgrammerZamanNow\Belajar\PHP\MVC\LoggingTest.INFO: Belajar Pemrograman PHP Logging [] []
[2024-03-02T16:23:48.610779+07:00] ProgrammerZamanNow\Belajar\PHP\MVC\LoggingTest.INFO: Selamat datang di Programmer Zaman Now [] []
[2024-03-02T16:23:48.610840+07:00] ProgrammerZamanNow\Belajar\PHP\MVC\LoggingTest.INFO: Ini Informasi Aplikasi Logging [] []
[2024-03-02T16:43:27.743154+07:00] ProgrammerZamanNow\Belajar\PHP\MVC\LevelTest.DEBUG: This is debug [] []
[2024-03-02T16:43:27.744847+07:00] ProgrammerZamanNow\Belajar\PHP\MVC\LevelTest.INFO: This is info [] []
[2024-03-02T16:43:27.744902+07:00] ProgrammerZamanNow\Belajar\PHP\MVC\LevelTest.NOTICE: This is notice [] []
[2024-03-02T16:43:27.746240+07:00] ProgrammerZamanNow\Belajar\PHP\MVC\LevelTest.WARNING: This is warning [] []
[2024-03-02T16:43:27.746271+07:00] ProgrammerZamanNow\Belajar\PHP\MVC\LevelTest.ERROR: This is error [] []
[2024-03-02T16:43:27.746271+07:00] ProgrammerZamanNow\Belajar\PHP\MVC\LevelTest.ERROR: This is error [] []
[2024-03-02T16:43:27.746543+07:00] ProgrammerZamanNow\Belajar\PHP\MVC\LevelTest.CRITICAL: This is critical [] []
[2024-03-02T16:43:27.746543+07:00] ProgrammerZamanNow\Belajar\PHP\MVC\LevelTest.CRITICAL: This is critical [] []
[2024-03-02T16:43:27.746574+07:00] ProgrammerZamanNow\Belajar\PHP\MVC\LevelTest.ALERT: This is alert [] []
[2024-03-02T16:43:27.746574+07:00] ProgrammerZamanNow\Belajar\PHP\MVC\LevelTest.ALERT: This is alert [] []
[2024-03-02T16:43:27.746601+07:00] ProgrammerZamanNow\Belajar\PHP\MVC\LevelTest.EMERGENCY: This is emergency [] []
[2024-03-02T16:43:27.746601+07:00] ProgrammerZamanNow\Belajar\PHP\MVC\LevelTest.EMERGENCY: This is emergency [] []
[2024-03-02T16:44:17.705715+07:00] ProgrammerZamanNow\Belajar\PHP\MVC\LevelTest.DEBUG: This is debug [] []
[2024-03-02T16:44:17.707039+07:00] ProgrammerZamanNow\Belajar\PHP\MVC\LevelTest.INFO: This is info [] []
[2024-03-02T16:44:17.707076+07:00] ProgrammerZamanNow\Belajar\PHP\MVC\LevelTest.NOTICE: This is notice [] []
[2024-03-02T16:44:17.707104+07:00] ProgrammerZamanNow\Belajar\PHP\MVC\LevelTest.WARNING: This is warning [] []
[2024-03-02T16:44:17.707131+07:00] ProgrammerZamanNow\Belajar\PHP\MVC\LevelTest.ERROR: This is error [] []
[2024-03-02T16:44:17.707689+07:00] ProgrammerZamanNow\Belajar\PHP\MVC\LevelTest.CRITICAL: This is critical [] []
[2024-03-02T16:44:17.707773+07:00] ProgrammerZamanNow\Belajar\PHP\MVC\LevelTest.ALERT: This is alert [] []
[2024-03-02T16:44:17.707819+07:00] ProgrammerZamanNow\Belajar\PHP\MVC\LevelTest.EMERGENCY: This is emergency [] []
